<?xml version="1.0" encoding="UTF-8"?>
<!-- Generated by org.testng.reporters.JUnitXMLReporter -->
<testsuite ignored="0" hostname="Mahi" failures="0" tests="2" name="Retesting" time="0.066" errors="0" timestamp="2023-02-01T14:56:38 IST">
  <testcase classname="com.Mahidhar_TestNG.Cross_browsing" name="@BeforeMethod Cross_browser" time="-1.675243598843E9">
    <failure type="org.testng.TestNGException" message="
Parameter &amp;apos;browsers&amp;apos; is required by BeforeMethod on method Cross_browser but has not been marked @Optional or defined
in C:\Users\mahid\eclipse-workspace\SeleniumTestin\cross3.xml">
      <![CDATA[org.testng.TestNGException: 
Parameter 'browsers' is required by BeforeMethod on method Cross_browser but has not been marked @Optional or defined
in C:\Users\mahid\eclipse-workspace\SeleniumTestin\cross3.xml
at java.base/java.util.ArrayList.forEach(ArrayList.java:1511)
... Removed 28 stack frames]]>
    </failure>
  </testcase> <!-- @BeforeMethod Cross_browser -->
  <testcase classname="com.Mahidhar_TestNG.Cross_browsing" name="@AfterMethod tear_down" time="0.0">
    <skipped/>
  </testcase> <!-- @AfterMethod tear_down -->
  <testcase classname="com.Mahidhar_TestNG.Cross_browsing" name="@BeforeMethod Cross_browser" time="0.0">
    <skipped/>
  </testcase> <!-- @BeforeMethod Cross_browser -->
  <testcase classname="com.Mahidhar_TestNG.Cross_browsing" name="@AfterMethod tear_down" time="0.0">
    <skipped/>
  </testcase> <!-- @AfterMethod tear_down -->
  <testcase classname="com.Mahidhar_TestNG.Cross_browsing" name="Get_title" time="0.0">
    <skipped/>
  </testcase> <!-- Get_title -->
  <testcase classname="com.Mahidhar_TestNG.Cross_browsing" name="senddata" time="0.0">
    <skipped/>
  </testcase> <!-- senddata -->
</testsuite> <!-- Retesting -->
